2016-12-27 15:49:48,236--ERROR:--Employee Email_ID is not valid
2016-12-27 15:49:48,236--ERROR:--Employee first name is not valid
2016-12-27 15:49:48,237--ERROR:--Employee user ID is not valid
2016-12-27 15:49:48,237--ERROR:--Employee Working region is not valid
2016-12-27 15:49:48,238--ERROR:--Employee full name is not valid
2016-12-27 15:49:48,238--ERROR:--Employee Job title is not valid
2016-12-27 15:49:48,238--ERROR:--Employee last name is not valid
2016-12-27 15:49:48,239--ERROR:--Employee contact number is not valid
2016-12-27 15:49:48,239--ERROR:--Employee code is not valid
2016-12-27 15:49:48,239--ERROR:--Employee Email_ID is not valid
2016-12-27 15:49:48,239--ERROR:--Employee first name is not valid
2016-12-27 15:49:48,239--ERROR:--Employee user ID is not valid
2016-12-27 15:49:48,239--ERROR:--Employee Working region is not valid
2016-12-27 15:49:48,239--ERROR:--Employee full name is not valid
2016-12-27 15:49:48,240--ERROR:--Employee Job title is not valid
2016-12-27 15:49:48,240--ERROR:--Employee last name is not valid
2016-12-27 15:49:48,240--ERROR:--Employee contact number is not valid
2016-12-27 15:49:48,240--ERROR:--Employee code is not valid
2016-12-27 15:49:48,240--ERROR:--Employee Email_ID is not valid
2016-12-27 15:49:48,240--ERROR:--Employee first name is not valid
2016-12-27 15:49:48,240--ERROR:--Employee user ID is not valid
2016-12-27 15:49:48,240--ERROR:--Employee Working region is not valid
2016-12-27 15:49:48,240--ERROR:--Employee full name is not valid
2016-12-27 15:49:48,240--ERROR:--Employee Job title is not valid
2016-12-27 15:49:48,240--ERROR:--Employee last name is not valid
2016-12-27 15:49:48,240--ERROR:--Employee contact number is not valid
2016-12-27 15:49:48,240--ERROR:--Employee code is not valid
